<?xml version="1.0" encoding="UTF-8"?>
<!-- Generated by org.testng.reporters.JUnitReportReporter -->
<testsuite hostname="DESKTOP-9618V0O" failures="0" tests="1" name="testClasses.TestClass001" time="21.775" errors="0" timestamp="2023-03-14T22:31:32 IST" skipped="0">
  <testcase classname="testClasses.TestClass001" name="mamm" time="21.775"/>
  <system-out>
Browser Open And Maximize Log===Mobile   Search    Done    and    Browser    Close  </system-out>
</testsuite> <!-- testClasses.TestClass001 -->
